<?xml version="1.0" encoding="UTF-8" ?>
<testsuite tests="1" failures="0" name="com.niit.theBackendProject.test.BlogTestCase" time="0.031" errors="1" skipped="0">
  <properties>
[...]
</properties>
  <testcase classname="com.niit.theBackendProject.test.BlogTestCase" name="testCRUDBlog" time="0.031">
    <error type="java.lang.NullPointerException">java.lang.NullPointerException
	at com.niit.theBackendProject.test.BlogTestCase.testCRUDBlog(BlogTestCase.java:55)
	at sun.reflect.NativeMethodAccessorImpl.invoke0(Native Method)
	at sun.reflect.NativeMethodAccessorImpl.invoke(NativeMethodAccessorImpl.java:62)
	at sun.reflect.DelegatingMethodAccessorImpl.invoke(DelegatingMethodAccessorImpl.java:43)
	at java.lang.reflect.Method.invoke(Method.java:498)
	at org.junit.runners.model.FrameworkMethod$1.runReflectiveCall(FrameworkMethod.java:50)
	at org.junit.internal.runners.model.ReflectiveCallable.run(ReflectiveCallable.java:12)
	at org.junit.runners.model.FrameworkMethod.invokeExplosively(FrameworkMethod.java:47)
	at org.junit.internal.runners.statements.InvokeMethod.evaluate(InvokeMethod.java:17)
	at org.junit.runners.ParentRunner.runLeaf(ParentRunner.java:325)
	at org.junit.runners.BlockJUnit4ClassRunner.runChild(BlockJUnit4ClassRunner.java:78)
	at org.junit.runners.BlockJUnit4ClassRunner.runChild(BlockJUnit4ClassRunner.java:57)
	at org.junit.runners.ParentRunner$3.run(ParentRunner.java:290)
	at org.junit.runners.ParentRunner$1.schedule(ParentRunner.java:71)
	at org.junit.runners.ParentRunner.runChildren(ParentRunner.java:288)
	at org.junit.runners.ParentRunner.access$000(ParentRunner.java:58)
	at org.junit.runners.ParentRunner$2.evaluate(ParentRunner.java:268)
	at org.junit.internal.runners.statements.RunBefores.evaluate(RunBefores.java:26)
	at org.junit.runners.ParentRunner.run(ParentRunner.java:363)
	at org.apache.maven.surefire.junit4.JUnit4Provider.execute(JUnit4Provider.java:252)
	at org.apache.maven.surefire.junit4.JUnit4Provider.executeTestSet(JUnit4Provider.java:141)
	at org.apache.maven.surefire.junit4.JUnit4Provider.invoke(JUnit4Provider.java:112)
	at sun.reflect.NativeMethodAccessorImpl.invoke0(Native Method)
	at sun.reflect.NativeMethodAccessorImpl.invoke(NativeMethodAccessorImpl.java:62)
	at sun.reflect.DelegatingMethodAccessorImpl.invoke(DelegatingMethodAccessorImpl.java:43)
	at java.lang.reflect.Method.invoke(Method.java:498)
	at org.apache.maven.surefire.util.ReflectionUtils.invokeMethodWithArray(ReflectionUtils.java:189)
	at org.apache.maven.surefire.booter.ProviderFactory$ProviderProxy.invoke(ProviderFactory.java:165)
	at org.apache.maven.surefire.booter.ProviderFactory.invokeProvider(ProviderFactory.java:85)
	at org.apache.maven.surefire.booter.ForkedBooter.runSuitesInProcess(ForkedBooter.java:115)
	at org.apache.maven.surefire.booter.ForkedBooter.main(ForkedBooter.java:75)
</error>
    <system-out>before add query
Hibernate: 
    select
        forblogid.nextval 
    from
        dual
Hibernate: 
    insert 
    into
        blog
        (is_active, bcomments, bdata, bdate, blikes, btitle, is_approved, userid, blogid) 
    values
        (?, ?, ?, ?, ?, ?, ?, ?, ?)
After add query
before add query
Hibernate: 
    select
        forblogid.nextval 
    from
        dual
Hibernate: 
    insert 
    into
        blog
        (is_active, bcomments, bdata, bdate, blikes, btitle, is_approved, userid, blogid) 
    values
        (?, ?, ?, ?, ?, ?, ?, ?, ?)
After add query
Hibernate: 
    select
        blog0_.blogid as blogid1_1_0_,
        blog0_.is_active as is_active2_1_0_,
        blog0_.bcomments as bcomments3_1_0_,
        blog0_.bdata as bdata4_1_0_,
        blog0_.bdate as bdate5_1_0_,
        blog0_.blikes as blikes6_1_0_,
        blog0_.btitle as btitle7_1_0_,
        blog0_.is_approved as is_approved8_1_0_,
        blog0_.userid as userid9_1_0_,
        usertable1_.userid as userid1_8_1_,
        usertable1_.is_active as is_active2_8_1_,
        usertable1_.add1 as add3_8_1_,
        usertable1_.add2 as add4_8_1_,
        usertable1_.add3 as add5_8_1_,
        usertable1_.city as city6_8_1_,
        usertable1_.email as email7_8_1_,
        usertable1_.fname as fname8_8_1_,
        usertable1_.is_approved as is_approved9_8_1_,
        usertable1_.is_online as is_online10_8_1_,
        usertable1_.lname as lname11_8_1_,
        usertable1_.pincode as pincode12_8_1_,
        usertable1_.pno as pno13_8_1_,
        usertable1_.pw as pw14_8_1_,
        usertable1_.role as role15_8_1_,
        usertable1_.state as state16_8_1_ 
    from
        blog blog0_ 
    left outer join
        usertable usertable1_ 
            on blog0_.userid=usertable1_.userid 
    where
        blog0_.blogid=?
</system-out>
    <system-err>Jun 06, 2017 8:34:22 PM org.springframework.context.annotation.AnnotationConfigApplicationContext prepareRefresh
INFO: Refreshing org.springframework.context.annotation.AnnotationConfigApplicationContext@53a84ff4: startup date [Tue Jun 06 20:34:22 IST 2017]; root of context hierarchy
Jun 06, 2017 8:34:22 PM org.springframework.beans.factory.annotation.AutowiredAnnotationBeanPostProcessor &lt;init&gt;
INFO: JSR-330 &apos;javax.inject.Inject&apos; annotation found and supported for autowiring
Jun 06, 2017 8:34:22 PM org.hibernate.dialect.Dialect &lt;init&gt;
INFO: HHH000400: Using dialect: org.hibernate.dialect.Oracle10gDialect
Jun 06, 2017 8:34:23 PM org.springframework.orm.hibernate5.HibernateTransactionManager afterPropertiesSet
INFO: Using DataSource [org.apache.commons.dbcp2.BasicDataSource@b5de58f] of Hibernate SessionFactory for HibernateTransactionManager
</system-err>
  </testcase>
</testsuite>